<?xml version="1.0" encoding="UTF-8" ?>
<testsuite failures="0" time="1.315" errors="0" skipped="0" tests="3" name="org.geoscript.js.DoctestsTest">
  <properties>
    <property name="java.runtime.name" value="Java(TM) SE Runtime Environment"/>
    <property name="sun.boot.library.path" value="/System/Library/Java/JavaVirtualMachines/1.6.0.jdk/Contents/Libraries"/>
    <property name="java.vm.version" value="20.6-b01-415"/>
    <property name="awt.nativeDoubleBuffering" value="true"/>
    <property name="gopherProxySet" value="false"/>
    <property name="mrj.build" value="11M3646"/>
    <property name="java.vm.vendor" value="Apple Inc."/>
    <property name="java.vendor.url" value="http://www.apple.com/"/>
    <property name="path.separator" value=":"/>
    <property name="java.vm.name" value="Java HotSpot(TM) 64-Bit Server VM"/>
    <property name="file.encoding.pkg" value="sun.io"/>
    <property name="user.country" value="US"/>
    <property name="sun.java.launcher" value="SUN_STANDARD"/>
    <property name="sun.os.patch.level" value="unknown"/>
    <property name="java.vm.specification.name" value="Java Virtual Machine Specification"/>
    <property name="user.dir" value="/Users/jpdeathblade/Documents/ROGUE/GeoScript-JS"/>
    <property name="java.runtime.version" value="1.6.0_31-b04-415-11M3646"/>
    <property name="java.awt.graphicsenv" value="apple.awt.CGraphicsEnvironment"/>
    <property name="basedir" value="/Users/jpdeathblade/Documents/ROGUE/GeoScript-JS"/>
    <property name="java.endorsed.dirs" value="/System/Library/Java/JavaVirtualMachines/1.6.0.jdk/Contents/Home/lib/endorsed"/>
    <property name="os.arch" value="x86_64"/>
    <property name="surefire.real.class.path" value="/var/folders/l9/yqmgmftx0v76bf5_hs578nhm0000gn/T/surefirebooter3904967578680056402.jar"/>
    <property name="java.io.tmpdir" value="/var/folders/l9/yqmgmftx0v76bf5_hs578nhm0000gn/T/"/>
    <property name="line.separator" value="
"/>
    <property name="java.vm.specification.vendor" value="Sun Microsystems Inc."/>
    <property name="os.name" value="Mac OS X"/>
    <property name="sun.jnu.encoding" value="MacRoman"/>
    <property name="java.library.path" value=".:/Library/Java/Extensions:/System/Library/Java/Extensions:/usr/lib/java"/>
    <property name="surefire.test.class.path" value="/Users/jpdeathblade/Documents/ROGUE/GeoScript-JS/target/test-classes:/Users/jpdeathblade/Documents/ROGUE/GeoScript-JS/target/classes:/Users/jpdeathblade/.m2/repository/org/ringojs/ringojs/0.8.1/ringojs-0.8.1.jar:/Users/jpdeathblade/.m2/repository/org/eclipse/jetty/jetty-client/7.1.6.v20100715/jetty-client-7.1.6.v20100715.jar:/Users/jpdeathblade/.m2/repository/org/eclipse/jetty/jetty-http/7.1.6.v20100715/jetty-http-7.1.6.v20100715.jar:/Users/jpdeathblade/.m2/repository/org/eclipse/jetty/jetty-io/7.1.6.v20100715/jetty-io-7.1.6.v20100715.jar:/Users/jpdeathblade/.m2/repository/org/eclipse/jetty/jetty-util/7.1.6.v20100715/jetty-util-7.1.6.v20100715.jar:/Users/jpdeathblade/.m2/repository/org/slf4j/slf4j-api/1.6.1/slf4j-api-1.6.1.jar:/Users/jpdeathblade/.m2/repository/org/mozilla/rhino/1.7R3/rhino-1.7R3.jar:/Users/jpdeathblade/.m2/repository/junit/junit/4.0/junit-4.0.jar:/Users/jpdeathblade/.m2/repository/org/jruby/ext/posix/jnr-posix/1.1.8/jnr-posix-1.1.8.jar:/Users/jpdeathblade/.m2/repository/org/jruby/extras/constantine/0.7/constantine-0.7.jar:/Users/jpdeathblade/.m2/repository/org/jruby/extras/jffi/1.0.10/jffi-1.0.10.jar:/Users/jpdeathblade/.m2/repository/org/jruby/extras/jaffl/0.5.10/jaffl-0.5.10.jar:/Users/jpdeathblade/.m2/repository/org/jruby/extras/jffi/1.0.6/jffi-1.0.6-native.jar:/Users/jpdeathblade/.m2/repository/asm/asm/3.2/asm-3.2.jar:/Users/jpdeathblade/.m2/repository/asm/asm-commons/3.2/asm-commons-3.2.jar:/Users/jpdeathblade/.m2/repository/asm/asm-tree/3.2/asm-tree-3.2.jar:/Users/jpdeathblade/.m2/repository/org/jruby/extras/jnr-x86asm/1.0.0/jnr-x86asm-1.0.0.jar:/Users/jpdeathblade/.m2/repository/org/slf4j/slf4j-log4j12/1.6.1/slf4j-log4j12-1.6.1.jar:/Users/jpdeathblade/.m2/repository/log4j/log4j/1.2.16/log4j-1.2.16.jar:/Users/jpdeathblade/.m2/repository/rhino/js/1.7R3/js-1.7R3.jar:/Users/jpdeathblade/.m2/repository/jline/jline/0.9.94/jline-0.9.94.jar:/Users/jpdeathblade/.m2/repository/org/geotools/gt-main/8-SNAPSHOT/gt-main-8-SNAPSHOT.jar:/Users/jpdeathblade/.m2/repository/org/geotools/gt-api/8-SNAPSHOT/gt-api-8-SNAPSHOT.jar:/Users/jpdeathblade/.m2/repository/com/vividsolutions/jts/1.12/jts-1.12.jar:/Users/jpdeathblade/.m2/repository/xerces/xercesImpl/2.4.0/xercesImpl-2.4.0.jar:/Users/jpdeathblade/.m2/repository/org/geotools/gt-referencing/8-SNAPSHOT/gt-referencing-8-SNAPSHOT.jar:/Users/jpdeathblade/.m2/repository/java3d/vecmath/1.3.2/vecmath-1.3.2.jar:/Users/jpdeathblade/.m2/repository/commons-pool/commons-pool/1.5.4/commons-pool-1.5.4.jar:/Users/jpdeathblade/.m2/repository/org/geotools/gt-metadata/8-SNAPSHOT/gt-metadata-8-SNAPSHOT.jar:/Users/jpdeathblade/.m2/repository/org/geotools/gt-opengis/8-SNAPSHOT/gt-opengis-8-SNAPSHOT.jar:/Users/jpdeathblade/.m2/repository/net/java/dev/jsr-275/jsr-275/1.0-beta-2/jsr-275-1.0-beta-2.jar:/Users/jpdeathblade/.m2/repository/javax/media/jai_core/1.1.3/jai_core-1.1.3.jar:/Users/jpdeathblade/.m2/repository/jgridshift/jgridshift/1.0/jgridshift-1.0.jar:/Users/jpdeathblade/.m2/repository/jdom/jdom/1.0/jdom-1.0.jar:/Users/jpdeathblade/.m2/repository/org/geotools/gt-epsg-hsql/8-SNAPSHOT/gt-epsg-hsql-8-SNAPSHOT.jar:/Users/jpdeathblade/.m2/repository/hsqldb/hsqldb/1.8.0.7/hsqldb-1.8.0.7.jar:/Users/jpdeathblade/.m2/repository/org/geotools/gt-render/8-SNAPSHOT/gt-render-8-SNAPSHOT.jar:/Users/jpdeathblade/.m2/repository/org/geotools/gt-coverage/8-SNAPSHOT/gt-coverage-8-SNAPSHOT.jar:/Users/jpdeathblade/.m2/repository/javax/media/jai_imageio/1.1/jai_imageio-1.1.jar:/Users/jpdeathblade/.m2/repository/it/geosolutions/imageio-ext/imageio-ext-tiff/1.1.3/imageio-ext-tiff-1.1.3.jar:/Users/jpdeathblade/.m2/repository/it/geosolutions/imageio-ext/imageio-ext-utilities/1.1.3/imageio-ext-utilities-1.1.3.jar:/Users/jpdeathblade/.m2/repository/javax/media/jai_codec/1.1.3/jai_codec-1.1.3.jar:/Users/jpdeathblade/.m2/repository/org/jaitools/jt-zonalstats/1.2.0/jt-zonalstats-1.2.0.jar:/Users/jpdeathblade/.m2/repository/org/jaitools/jt-utils/1.2.0/jt-utils-1.2.0.jar:/Users/jpdeathblade/.m2/repository/org/geotools/gt-cql/8-SNAPSHOT/gt-cql-8-SNAPSHOT.jar:/Users/jpdeathblade/.m2/repository/org/geotools/gt-shapefile/8-SNAPSHOT/gt-shapefile-8-SNAPSHOT.jar:/Users/jpdeathblade/.m2/repository/org/geotools/gt-data/8-SNAPSHOT/gt-data-8-SNAPSHOT.jar:/Users/jpdeathblade/.m2/repository/org/geotools/jdbc/gt-jdbc-postgis/8-SNAPSHOT/gt-jdbc-postgis-8-SNAPSHOT.jar:/Users/jpdeathblade/.m2/repository/postgresql/postgresql/8.4-701.jdbc3/postgresql-8.4-701.jdbc3.jar:/Users/jpdeathblade/.m2/repository/org/geotools/gt-jdbc/8-SNAPSHOT/gt-jdbc-8-SNAPSHOT.jar:/Users/jpdeathblade/.m2/repository/commons-dbcp/commons-dbcp/1.3/commons-dbcp-1.3.jar:/Users/jpdeathblade/.m2/repository/commons-collections/commons-collections/3.1/commons-collections-3.1.jar:/Users/jpdeathblade/.m2/repository/org/geotools/jdbc/gt-jdbc-h2/8-SNAPSHOT/gt-jdbc-h2-8-SNAPSHOT.jar:/Users/jpdeathblade/.m2/repository/org/opengeo/geodb/0.7-RC2/geodb-0.7-RC2.jar:/Users/jpdeathblade/.m2/repository/net/sourceforge/hatbox/hatbox/1.0.b7/hatbox-1.0.b7.jar:/Users/jpdeathblade/.m2/repository/com/h2database/h2/1.1.119/h2-1.1.119.jar:/Users/jpdeathblade/.m2/repository/org/geotools/jdbc/gt-jdbc-mysql/8-SNAPSHOT/gt-jdbc-mysql-8-SNAPSHOT.jar:/Users/jpdeathblade/.m2/repository/mysql/mysql-connector-java/5.1.17/mysql-connector-java-5.1.17.jar:/Users/jpdeathblade/.m2/repository/org/geotools/jdbc/gt-jdbc-spatialite/8-SNAPSHOT/gt-jdbc-spatialite-8-SNAPSHOT.jar:/Users/jpdeathblade/.m2/repository/org/xerial/sqlite-jdbc-spatialite/3.7.2-1/sqlite-jdbc-spatialite-3.7.2-1.jar:/Users/jpdeathblade/.m2/repository/org/geotools/gt-property/8-SNAPSHOT/gt-property-8-SNAPSHOT.jar:/Users/jpdeathblade/.m2/repository/org/geotools/xsd/gt-xsd-wfs/8-SNAPSHOT/gt-xsd-wfs-8-SNAPSHOT.jar:/Users/jpdeathblade/.m2/repository/org/geotools/ogc/net.opengis.wfs/8-SNAPSHOT/net.opengis.wfs-8-SNAPSHOT.jar:/Users/jpdeathblade/.m2/repository/org/geotools/ogc/org.w3.xlink/8-SNAPSHOT/org.w3.xlink-8-SNAPSHOT.jar:/Users/jpdeathblade/.m2/repository/org/eclipse/emf/common/2.6.0/common-2.6.0.jar:/Users/jpdeathblade/.m2/repository/org/eclipse/emf/ecore/2.6.1/ecore-2.6.1.jar:/Users/jpdeathblade/.m2/repository/org/geotools/ogc/net.opengis.fes/8-SNAPSHOT/net.opengis.fes-8-SNAPSHOT.jar:/Users/jpdeathblade/.m2/repository/org/geotools/ogc/net.opengis.ows/8-SNAPSHOT/net.opengis.ows-8-SNAPSHOT.jar:/Users/jpdeathblade/.m2/repository/org/geotools/xsd/gt-xsd-filter/8-SNAPSHOT/gt-xsd-filter-8-SNAPSHOT.jar:/Users/jpdeathblade/.m2/repository/org/geotools/xsd/gt-xsd-core/8-SNAPSHOT/gt-xsd-core-8-SNAPSHOT.jar:/Users/jpdeathblade/.m2/repository/org/geotools/gt-graph/8-SNAPSHOT/gt-graph-8-SNAPSHOT.jar:/Users/jpdeathblade/.m2/repository/picocontainer/picocontainer/1.2/picocontainer-1.2.jar:/Users/jpdeathblade/.m2/repository/xml-apis/xml-apis/1.0.b2/xml-apis-1.0.b2.jar:/Users/jpdeathblade/.m2/repository/xml-apis/xml-apis-xerces/2.7.1/xml-apis-xerces-2.7.1.jar:/Users/jpdeathblade/.m2/repository/commons-jxpath/commons-jxpath/1.3/commons-jxpath-1.3.jar:/Users/jpdeathblade/.m2/repository/org/eclipse/xsd/xsd/2.6.0/xsd-2.6.0.jar:/Users/jpdeathblade/.m2/repository/org/geotools/xsd/gt-xsd-gml2/8-SNAPSHOT/gt-xsd-gml2-8-SNAPSHOT.jar:/Users/jpdeathblade/.m2/repository/org/geotools/xsd/gt-xsd-gml3/8-SNAPSHOT/gt-xsd-gml3-8-SNAPSHOT.jar:/Users/jpdeathblade/.m2/repository/org/geotools/xsd/gt-xsd-fes/8-SNAPSHOT/gt-xsd-fes-8-SNAPSHOT.jar:/Users/jpdeathblade/.m2/repository/org/geotools/xsd/gt-xsd-ows/8-SNAPSHOT/gt-xsd-ows-8-SNAPSHOT.jar:/Users/jpdeathblade/.m2/repository/org/geotools/gt-swing/8-SNAPSHOT/gt-swing-8-SNAPSHOT.jar:/Users/jpdeathblade/.m2/repository/com/miglayout/miglayout/3.7/miglayout-3.7-swing.jar:"/>
    <property name="java.specification.name" value="Java Platform API Specification"/>
    <property name="java.class.version" value="50.0"/>
    <property name="sun.management.compiler" value="HotSpot 64-Bit Tiered Compilers"/>
    <property name="os.version" value="10.7.4"/>
    <property name="http.nonProxyHosts" value="local|*.local|169.254/16|*.169.254/16"/>
    <property name="user.home" value="/Users/jpdeathblade"/>
    <property name="user.timezone" value="America/New_York"/>
    <property name="java.awt.printerjob" value="apple.awt.CPrinterJob"/>
    <property name="java.specification.version" value="1.6"/>
    <property name="file.encoding" value="MacRoman"/>
    <property name="user.name" value="jpdeathblade"/>
    <property name="java.class.path" value="/Users/jpdeathblade/Documents/ROGUE/GeoScript-JS/target/test-classes:/Users/jpdeathblade/Documents/ROGUE/GeoScript-JS/target/classes:/Users/jpdeathblade/.m2/repository/org/ringojs/ringojs/0.8.1/ringojs-0.8.1.jar:/Users/jpdeathblade/.m2/repository/org/eclipse/jetty/jetty-client/7.1.6.v20100715/jetty-client-7.1.6.v20100715.jar:/Users/jpdeathblade/.m2/repository/org/eclipse/jetty/jetty-http/7.1.6.v20100715/jetty-http-7.1.6.v20100715.jar:/Users/jpdeathblade/.m2/repository/org/eclipse/jetty/jetty-io/7.1.6.v20100715/jetty-io-7.1.6.v20100715.jar:/Users/jpdeathblade/.m2/repository/org/eclipse/jetty/jetty-util/7.1.6.v20100715/jetty-util-7.1.6.v20100715.jar:/Users/jpdeathblade/.m2/repository/org/slf4j/slf4j-api/1.6.1/slf4j-api-1.6.1.jar:/Users/jpdeathblade/.m2/repository/org/mozilla/rhino/1.7R3/rhino-1.7R3.jar:/Users/jpdeathblade/.m2/repository/junit/junit/4.0/junit-4.0.jar:/Users/jpdeathblade/.m2/repository/org/jruby/ext/posix/jnr-posix/1.1.8/jnr-posix-1.1.8.jar:/Users/jpdeathblade/.m2/repository/org/jruby/extras/constantine/0.7/constantine-0.7.jar:/Users/jpdeathblade/.m2/repository/org/jruby/extras/jffi/1.0.10/jffi-1.0.10.jar:/Users/jpdeathblade/.m2/repository/org/jruby/extras/jaffl/0.5.10/jaffl-0.5.10.jar:/Users/jpdeathblade/.m2/repository/org/jruby/extras/jffi/1.0.6/jffi-1.0.6-native.jar:/Users/jpdeathblade/.m2/repository/asm/asm/3.2/asm-3.2.jar:/Users/jpdeathblade/.m2/repository/asm/asm-commons/3.2/asm-commons-3.2.jar:/Users/jpdeathblade/.m2/repository/asm/asm-tree/3.2/asm-tree-3.2.jar:/Users/jpdeathblade/.m2/repository/org/jruby/extras/jnr-x86asm/1.0.0/jnr-x86asm-1.0.0.jar:/Users/jpdeathblade/.m2/repository/org/slf4j/slf4j-log4j12/1.6.1/slf4j-log4j12-1.6.1.jar:/Users/jpdeathblade/.m2/repository/log4j/log4j/1.2.16/log4j-1.2.16.jar:/Users/jpdeathblade/.m2/repository/rhino/js/1.7R3/js-1.7R3.jar:/Users/jpdeathblade/.m2/repository/jline/jline/0.9.94/jline-0.9.94.jar:/Users/jpdeathblade/.m2/repository/org/geotools/gt-main/8-SNAPSHOT/gt-main-8-SNAPSHOT.jar:/Users/jpdeathblade/.m2/repository/org/geotools/gt-api/8-SNAPSHOT/gt-api-8-SNAPSHOT.jar:/Users/jpdeathblade/.m2/repository/com/vividsolutions/jts/1.12/jts-1.12.jar:/Users/jpdeathblade/.m2/repository/xerces/xercesImpl/2.4.0/xercesImpl-2.4.0.jar:/Users/jpdeathblade/.m2/repository/org/geotools/gt-referencing/8-SNAPSHOT/gt-referencing-8-SNAPSHOT.jar:/Users/jpdeathblade/.m2/repository/java3d/vecmath/1.3.2/vecmath-1.3.2.jar:/Users/jpdeathblade/.m2/repository/commons-pool/commons-pool/1.5.4/commons-pool-1.5.4.jar:/Users/jpdeathblade/.m2/repository/org/geotools/gt-metadata/8-SNAPSHOT/gt-metadata-8-SNAPSHOT.jar:/Users/jpdeathblade/.m2/repository/org/geotools/gt-opengis/8-SNAPSHOT/gt-opengis-8-SNAPSHOT.jar:/Users/jpdeathblade/.m2/repository/net/java/dev/jsr-275/jsr-275/1.0-beta-2/jsr-275-1.0-beta-2.jar:/Users/jpdeathblade/.m2/repository/javax/media/jai_core/1.1.3/jai_core-1.1.3.jar:/Users/jpdeathblade/.m2/repository/jgridshift/jgridshift/1.0/jgridshift-1.0.jar:/Users/jpdeathblade/.m2/repository/jdom/jdom/1.0/jdom-1.0.jar:/Users/jpdeathblade/.m2/repository/org/geotools/gt-epsg-hsql/8-SNAPSHOT/gt-epsg-hsql-8-SNAPSHOT.jar:/Users/jpdeathblade/.m2/repository/hsqldb/hsqldb/1.8.0.7/hsqldb-1.8.0.7.jar:/Users/jpdeathblade/.m2/repository/org/geotools/gt-render/8-SNAPSHOT/gt-render-8-SNAPSHOT.jar:/Users/jpdeathblade/.m2/repository/org/geotools/gt-coverage/8-SNAPSHOT/gt-coverage-8-SNAPSHOT.jar:/Users/jpdeathblade/.m2/repository/javax/media/jai_imageio/1.1/jai_imageio-1.1.jar:/Users/jpdeathblade/.m2/repository/it/geosolutions/imageio-ext/imageio-ext-tiff/1.1.3/imageio-ext-tiff-1.1.3.jar:/Users/jpdeathblade/.m2/repository/it/geosolutions/imageio-ext/imageio-ext-utilities/1.1.3/imageio-ext-utilities-1.1.3.jar:/Users/jpdeathblade/.m2/repository/javax/media/jai_codec/1.1.3/jai_codec-1.1.3.jar:/Users/jpdeathblade/.m2/repository/org/jaitools/jt-zonalstats/1.2.0/jt-zonalstats-1.2.0.jar:/Users/jpdeathblade/.m2/repository/org/jaitools/jt-utils/1.2.0/jt-utils-1.2.0.jar:/Users/jpdeathblade/.m2/repository/org/geotools/gt-cql/8-SNAPSHOT/gt-cql-8-SNAPSHOT.jar:/Users/jpdeathblade/.m2/repository/org/geotools/gt-shapefile/8-SNAPSHOT/gt-shapefile-8-SNAPSHOT.jar:/Users/jpdeathblade/.m2/repository/org/geotools/gt-data/8-SNAPSHOT/gt-data-8-SNAPSHOT.jar:/Users/jpdeathblade/.m2/repository/org/geotools/jdbc/gt-jdbc-postgis/8-SNAPSHOT/gt-jdbc-postgis-8-SNAPSHOT.jar:/Users/jpdeathblade/.m2/repository/postgresql/postgresql/8.4-701.jdbc3/postgresql-8.4-701.jdbc3.jar:/Users/jpdeathblade/.m2/repository/org/geotools/gt-jdbc/8-SNAPSHOT/gt-jdbc-8-SNAPSHOT.jar:/Users/jpdeathblade/.m2/repository/commons-dbcp/commons-dbcp/1.3/commons-dbcp-1.3.jar:/Users/jpdeathblade/.m2/repository/commons-collections/commons-collections/3.1/commons-collections-3.1.jar:/Users/jpdeathblade/.m2/repository/org/geotools/jdbc/gt-jdbc-h2/8-SNAPSHOT/gt-jdbc-h2-8-SNAPSHOT.jar:/Users/jpdeathblade/.m2/repository/org/opengeo/geodb/0.7-RC2/geodb-0.7-RC2.jar:/Users/jpdeathblade/.m2/repository/net/sourceforge/hatbox/hatbox/1.0.b7/hatbox-1.0.b7.jar:/Users/jpdeathblade/.m2/repository/com/h2database/h2/1.1.119/h2-1.1.119.jar:/Users/jpdeathblade/.m2/repository/org/geotools/jdbc/gt-jdbc-mysql/8-SNAPSHOT/gt-jdbc-mysql-8-SNAPSHOT.jar:/Users/jpdeathblade/.m2/repository/mysql/mysql-connector-java/5.1.17/mysql-connector-java-5.1.17.jar:/Users/jpdeathblade/.m2/repository/org/geotools/jdbc/gt-jdbc-spatialite/8-SNAPSHOT/gt-jdbc-spatialite-8-SNAPSHOT.jar:/Users/jpdeathblade/.m2/repository/org/xerial/sqlite-jdbc-spatialite/3.7.2-1/sqlite-jdbc-spatialite-3.7.2-1.jar:/Users/jpdeathblade/.m2/repository/org/geotools/gt-property/8-SNAPSHOT/gt-property-8-SNAPSHOT.jar:/Users/jpdeathblade/.m2/repository/org/geotools/xsd/gt-xsd-wfs/8-SNAPSHOT/gt-xsd-wfs-8-SNAPSHOT.jar:/Users/jpdeathblade/.m2/repository/org/geotools/ogc/net.opengis.wfs/8-SNAPSHOT/net.opengis.wfs-8-SNAPSHOT.jar:/Users/jpdeathblade/.m2/repository/org/geotools/ogc/org.w3.xlink/8-SNAPSHOT/org.w3.xlink-8-SNAPSHOT.jar:/Users/jpdeathblade/.m2/repository/org/eclipse/emf/common/2.6.0/common-2.6.0.jar:/Users/jpdeathblade/.m2/repository/org/eclipse/emf/ecore/2.6.1/ecore-2.6.1.jar:/Users/jpdeathblade/.m2/repository/org/geotools/ogc/net.opengis.fes/8-SNAPSHOT/net.opengis.fes-8-SNAPSHOT.jar:/Users/jpdeathblade/.m2/repository/org/geotools/ogc/net.opengis.ows/8-SNAPSHOT/net.opengis.ows-8-SNAPSHOT.jar:/Users/jpdeathblade/.m2/repository/org/geotools/xsd/gt-xsd-filter/8-SNAPSHOT/gt-xsd-filter-8-SNAPSHOT.jar:/Users/jpdeathblade/.m2/repository/org/geotools/xsd/gt-xsd-core/8-SNAPSHOT/gt-xsd-core-8-SNAPSHOT.jar:/Users/jpdeathblade/.m2/repository/org/geotools/gt-graph/8-SNAPSHOT/gt-graph-8-SNAPSHOT.jar:/Users/jpdeathblade/.m2/repository/picocontainer/picocontainer/1.2/picocontainer-1.2.jar:/Users/jpdeathblade/.m2/repository/xml-apis/xml-apis/1.0.b2/xml-apis-1.0.b2.jar:/Users/jpdeathblade/.m2/repository/xml-apis/xml-apis-xerces/2.7.1/xml-apis-xerces-2.7.1.jar:/Users/jpdeathblade/.m2/repository/commons-jxpath/commons-jxpath/1.3/commons-jxpath-1.3.jar:/Users/jpdeathblade/.m2/repository/org/eclipse/xsd/xsd/2.6.0/xsd-2.6.0.jar:/Users/jpdeathblade/.m2/repository/org/geotools/xsd/gt-xsd-gml2/8-SNAPSHOT/gt-xsd-gml2-8-SNAPSHOT.jar:/Users/jpdeathblade/.m2/repository/org/geotools/xsd/gt-xsd-gml3/8-SNAPSHOT/gt-xsd-gml3-8-SNAPSHOT.jar:/Users/jpdeathblade/.m2/repository/org/geotools/xsd/gt-xsd-fes/8-SNAPSHOT/gt-xsd-fes-8-SNAPSHOT.jar:/Users/jpdeathblade/.m2/repository/org/geotools/xsd/gt-xsd-ows/8-SNAPSHOT/gt-xsd-ows-8-SNAPSHOT.jar:/Users/jpdeathblade/.m2/repository/org/geotools/gt-swing/8-SNAPSHOT/gt-swing-8-SNAPSHOT.jar:/Users/jpdeathblade/.m2/repository/com/miglayout/miglayout/3.7/miglayout-3.7-swing.jar:"/>
    <property name="java.vm.specification.version" value="1.0"/>
    <property name="sun.arch.data.model" value="64"/>
    <property name="java.home" value="/System/Library/Java/JavaVirtualMachines/1.6.0.jdk/Contents/Home"/>
    <property name="sun.java.command" value="/var/folders/l9/yqmgmftx0v76bf5_hs578nhm0000gn/T/surefirebooter3904967578680056402.jar /var/folders/l9/yqmgmftx0v76bf5_hs578nhm0000gn/T/surefire1553638020927865538tmp /var/folders/l9/yqmgmftx0v76bf5_hs578nhm0000gn/T/surefire3138071091010263576tmp"/>
    <property name="java.specification.vendor" value="Sun Microsystems Inc."/>
    <property name="user.language" value="en"/>
    <property name="awt.toolkit" value="apple.awt.CToolkit"/>
    <property name="java.vm.info" value="mixed mode"/>
    <property name="java.version" value="1.6.0_31"/>
    <property name="java.ext.dirs" value="/Library/Java/Extensions:/System/Library/Java/Extensions:/System/Library/Java/JavaVirtualMachines/1.6.0.jdk/Contents/Home/lib/ext"/>
    <property name="sun.boot.class.path" value="/System/Library/Java/JavaVirtualMachines/1.6.0.jdk/Contents/Classes/jsfd.jar:/System/Library/Java/JavaVirtualMachines/1.6.0.jdk/Contents/Classes/classes.jar:/System/Library/Frameworks/JavaVM.framework/Frameworks/JavaRuntimeSupport.framework/Resources/Java/JavaRuntimeSupport.jar:/System/Library/Java/JavaVirtualMachines/1.6.0.jdk/Contents/Classes/ui.jar:/System/Library/Java/JavaVirtualMachines/1.6.0.jdk/Contents/Classes/laf.jar:/System/Library/Java/JavaVirtualMachines/1.6.0.jdk/Contents/Classes/sunrsasign.jar:/System/Library/Java/JavaVirtualMachines/1.6.0.jdk/Contents/Classes/jsse.jar:/System/Library/Java/JavaVirtualMachines/1.6.0.jdk/Contents/Classes/jce.jar:/System/Library/Java/JavaVirtualMachines/1.6.0.jdk/Contents/Classes/charsets.jar"/>
    <property name="java.vendor" value="Apple Inc."/>
    <property name="localRepository" value="/Users/jpdeathblade/.m2/repository"/>
    <property name="file.separator" value="/"/>
    <property name="java.vendor.url.bug" value="http://bugreport.apple.com/"/>
    <property name="sun.cpu.endian" value="little"/>
    <property name="sun.io.unicode.encoding" value="UnicodeLittle"/>
    <property name="org.geotools.referencing.forceXY" value="true"/>
    <property name="mrj.version" value="1070.1.6.0_31-415"/>
    <property name="socksNonProxyHosts" value="local|*.local|169.254/16|*.169.254/16"/>
    <property name="ftp.nonProxyHosts" value="local|*.local|169.254/16|*.169.254/16"/>
    <property name="sun.cpu.isalist" value=""/>
  </properties>
  <testcase time="0.793" classname="org.geoscript.js.DoctestsTest" name="runDoctest[0]"/>
  <testcase time="0.267" classname="org.geoscript.js.DoctestsTest" name="runDoctest[1]"/>
  <testcase time="0.243" classname="org.geoscript.js.DoctestsTest" name="runDoctest[2]"/>
</testsuite>